<?xml version="1.0" encoding="UTF-8"?>
<!-- Generated by org.testng.reporters.JUnitReportReporter -->
<testsuite skipped="0" hostname="Sadeks-MacBook-Pro.local" name="test_fbLogin.TC1_LoginWithInvalidPassword" tests="1" failures="0" timestamp="22 Oct 2018 21:43:07 GMT" time="5.681" errors="0">
  <testcase name="fbLoginWithInvalidPassword" time="5.681" classname="test_fbLogin.TC1_LoginWithInvalidPassword"/>
</testsuite> <!-- test_fbLogin.TC1_LoginWithInvalidPassword -->
